2023/09/20 18:13:28 INFO Starting flow branch=fb-0-s4KABj
2023/09/20 18:13:28 INFO Branch Created branch=fb-0-s4KABj rate="github.Rate{Limit:5000, Remaining:4984, Reset:github.Timestamp{2023-09-20 18:54:31 +0530 IST}}"
2023/09/20 18:13:34 INFO File created iter=0 Rate="github.Rate{Limit:5000, Remaining:4983, Reset:github.Timestamp{2023-09-20 18:54:31 +0530 IST}}"
2023/09/20 18:13:40 INFO PR created iter=0 Rate="github.Rate{Limit:5000, Remaining:4982, Reset:github.Timestamp{2023-09-20 18:54:31 +0530 IST}}"
2023/09/20 18:13:45 INFO Starting flow branch=fb-1-85I7Wb
2023/09/20 18:13:46 INFO Branch Created branch=fb-1-85I7Wb rate="github.Rate{Limit:5000, Remaining:4981, Reset:github.Timestamp{2023-09-20 18:54:31 +0530 IST}}"
2023/09/20 18:13:51 INFO File created iter=1 Rate="github.Rate{Limit:5000, Remaining:4980, Reset:github.Timestamp{2023-09-20 18:54:31 +0530 IST}}"
2023/09/20 18:13:58 INFO PR created iter=1 Rate="github.Rate{Limit:5000, Remaining:4979, Reset:github.Timestamp{2023-09-20 18:54:31 +0530 IST}}"
2023/09/20 18:14:03 INFO Starting flow branch=fb-2-2gFumw
2023/09/20 18:14:03 INFO Branch Created branch=fb-2-2gFumw rate="github.Rate{Limit:5000, Remaining:4978, Reset:github.Timestamp{2023-09-20 18:54:31 +0530 IST}}"
2023/09/20 18:14:09 INFO File created iter=2 Rate="github.Rate{Limit:5000, Remaining:4977, Reset:github.Timestamp{2023-09-20 18:54:31 +0530 IST}}"
2023/09/20 18:14:15 INFO PR created iter=2 Rate="github.Rate{Limit:5000, Remaining:4976, Reset:github.Timestamp{2023-09-20 18:54:31 +0530 IST}}"
2023/09/20 18:14:20 INFO Starting flow branch=fb-3-gnzIwF
2023/09/20 18:14:21 INFO Branch Created branch=fb-3-gnzIwF rate="github.Rate{Limit:5000, Remaining:4975, Reset:github.Timestamp{2023-09-20 18:54:31 +0530 IST}}"
2023/09/20 18:14:26 INFO File created iter=3 Rate="github.Rate{Limit:5000, Remaining:4974, Reset:github.Timestamp{2023-09-20 18:54:31 +0530 IST}}"
2023/09/20 18:14:32 INFO PR created iter=3 Rate="github.Rate{Limit:5000, Remaining:4973, Reset:github.Timestamp{2023-09-20 18:54:31 +0530 IST}}"
2023/09/20 18:14:37 INFO Starting flow branch=fb-4-84pQXC
2023/09/20 18:14:38 INFO Branch Created branch=fb-4-84pQXC rate="github.Rate{Limit:5000, Remaining:4972, Reset:github.Timestamp{2023-09-20 18:54:31 +0530 IST}}"
2023/09/20 18:14:43 INFO File created iter=4 Rate="github.Rate{Limit:5000, Remaining:4971, Reset:github.Timestamp{2023-09-20 18:54:31 +0530 IST}}"
2023/09/20 18:14:50 INFO PR created iter=4 Rate="github.Rate{Limit:5000, Remaining:4970, Reset:github.Timestamp{2023-09-20 18:54:31 +0530 IST}}"
2023/09/20 18:14:55 INFO Starting flow branch=fb-5-59faW4
2023/09/20 18:14:55 INFO Branch Created branch=fb-5-59faW4 rate="github.Rate{Limit:5000, Remaining:4969, Reset:github.Timestamp{2023-09-20 18:54:31 +0530 IST}}"
2023/09/20 18:15:01 INFO File created iter=5 Rate="github.Rate{Limit:5000, Remaining:4968, Reset:github.Timestamp{2023-09-20 18:54:31 +0530 IST}}"
2023/09/20 18:15:07 INFO PR created iter=5 Rate="github.Rate{Limit:5000, Remaining:4967, Reset:github.Timestamp{2023-09-20 18:54:31 +0530 IST}}"
2023/09/20 18:15:12 INFO Starting flow branch=fb-6-YftlxM
2023/09/20 18:15:13 INFO Branch Created branch=fb-6-YftlxM rate="github.Rate{Limit:5000, Remaining:4966, Reset:github.Timestamp{2023-09-20 18:54:31 +0530 IST}}"
2023/09/20 18:15:18 INFO File created iter=6 Rate="github.Rate{Limit:5000, Remaining:4965, Reset:github.Timestamp{2023-09-20 18:54:31 +0530 IST}}"
2023/09/20 18:15:24 INFO PR created iter=6 Rate="github.Rate{Limit:5000, Remaining:4964, Reset:github.Timestamp{2023-09-20 18:54:31 +0530 IST}}"
2023/09/20 18:15:29 INFO Starting flow branch=fb-7-AbFV_T
2023/09/20 18:15:30 INFO Branch Created branch=fb-7-AbFV_T rate="github.Rate{Limit:5000, Remaining:4963, Reset:github.Timestamp{2023-09-20 18:54:31 +0530 IST}}"
2023/09/20 18:15:35 INFO File created iter=7 Rate="github.Rate{Limit:5000, Remaining:4962, Reset:github.Timestamp{2023-09-20 18:54:31 +0530 IST}}"
2023/09/20 18:15:42 INFO PR created iter=7 Rate="github.Rate{Limit:5000, Remaining:4961, Reset:github.Timestamp{2023-09-20 18:54:31 +0530 IST}}"
2023/09/20 18:15:47 INFO Starting flow branch=fb-8-wi5vq5
2023/09/20 18:15:47 INFO Branch Created branch=fb-8-wi5vq5 rate="github.Rate{Limit:5000, Remaining:4960, Reset:github.Timestamp{2023-09-20 18:54:31 +0530 IST}}"
2023/09/20 18:15:53 INFO File created iter=8 Rate="github.Rate{Limit:5000, Remaining:4959, Reset:github.Timestamp{2023-09-20 18:54:31 +0530 IST}}"
2023/09/20 18:15:59 INFO PR created iter=8 Rate="github.Rate{Limit:5000, Remaining:4958, Reset:github.Timestamp{2023-09-20 18:54:31 +0530 IST}}"
2023/09/20 18:16:04 INFO Starting flow branch=fb-9-dMMiWh
2023/09/20 18:16:04 INFO Branch Created branch=fb-9-dMMiWh rate="github.Rate{Limit:5000, Remaining:4957, Reset:github.Timestamp{2023-09-20 18:54:31 +0530 IST}}"
2023/09/20 18:16:10 INFO File created iter=9 Rate="github.Rate{Limit:5000, Remaining:4956, Reset:github.Timestamp{2023-09-20 18:54:31 +0530 IST}}"
2023/09/20 18:16:16 INFO PR created iter=9 Rate="github.Rate{Limit:5000, Remaining:4955, Reset:github.Timestamp{2023-09-20 18:54:31 +0530 IST}}"
2023/09/20 18:16:21 INFO Starting flow branch=fb-10-qeXH3i
2023/09/20 18:16:22 INFO Branch Created branch=fb-10-qeXH3i rate="github.Rate{Limit:5000, Remaining:4954, Reset:github.Timestamp{2023-09-20 18:54:31 +0530 IST}}"
2023/09/20 18:16:27 INFO File created iter=10 Rate="github.Rate{Limit:5000, Remaining:4953, Reset:github.Timestamp{2023-09-20 18:54:31 +0530 IST}}"
2023/09/20 18:16:34 INFO PR created iter=10 Rate="github.Rate{Limit:5000, Remaining:4952, Reset:github.Timestamp{2023-09-20 18:54:31 +0530 IST}}"
2023/09/20 18:16:39 INFO Starting flow branch=fb-11-EqiFtu
2023/09/20 18:16:39 INFO Branch Created branch=fb-11-EqiFtu rate="github.Rate{Limit:5000, Remaining:4951, Reset:github.Timestamp{2023-09-20 18:54:31 +0530 IST}}"
2023/09/20 18:16:45 INFO File created iter=11 Rate="github.Rate{Limit:5000, Remaining:4950, Reset:github.Timestamp{2023-09-20 18:54:31 +0530 IST}}"
2023/09/20 18:16:51 INFO PR created iter=11 Rate="github.Rate{Limit:5000, Remaining:4949, Reset:github.Timestamp{2023-09-20 18:54:31 +0530 IST}}"
2023/09/20 18:16:56 INFO Starting flow branch=fb-12-E39AGk
2023/09/20 18:16:57 INFO Branch Created branch=fb-12-E39AGk rate="github.Rate{Limit:5000, Remaining:4948, Reset:github.Timestamp{2023-09-20 18:54:31 +0530 IST}}"
2023/09/20 18:17:03 INFO File created iter=12 Rate="github.Rate{Limit:5000, Remaining:4947, Reset:github.Timestamp{2023-09-20 18:54:31 +0530 IST}}"
2023/09/20 18:17:09 INFO PR created iter=12 Rate="github.Rate{Limit:5000, Remaining:4946, Reset:github.Timestamp{2023-09-20 18:54:31 +0530 IST}}"
2023/09/20 18:17:14 INFO Starting flow branch=fb-13-5KNbgu
2023/09/20 18:17:14 INFO Branch Created branch=fb-13-5KNbgu rate="github.Rate{Limit:5000, Remaining:4945, Reset:github.Timestamp{2023-09-20 18:54:31 +0530 IST}}"
2023/09/20 18:17:20 INFO File created iter=13 Rate="github.Rate{Limit:5000, Remaining:4944, Reset:github.Timestamp{2023-09-20 18:54:31 +0530 IST}}"
2023/09/20 18:17:26 INFO PR created iter=13 Rate="github.Rate{Limit:5000, Remaining:4943, Reset:github.Timestamp{2023-09-20 18:54:31 +0530 IST}}"
2023/09/20 18:17:31 INFO Starting flow branch=fb-14-stKwU_
2023/09/20 18:17:31 INFO Branch Created branch=fb-14-stKwU_ rate="github.Rate{Limit:5000, Remaining:4942, Reset:github.Timestamp{2023-09-20 18:54:31 +0530 IST}}"
2023/09/20 18:17:37 INFO File created iter=14 Rate="github.Rate{Limit:5000, Remaining:4941, Reset:github.Timestamp{2023-09-20 18:54:31 +0530 IST}}"
2023/09/20 18:17:43 INFO PR created iter=14 Rate="github.Rate{Limit:5000, Remaining:4940, Reset:github.Timestamp{2023-09-20 18:54:31 +0530 IST}}"
2023/09/20 18:17:48 INFO Starting flow branch=fb-15-sq0c4j
2023/09/20 18:17:49 INFO Branch Created branch=fb-15-sq0c4j rate="github.Rate{Limit:5000, Remaining:4939, Reset:github.Timestamp{2023-09-20 18:54:31 +0530 IST}}"
2023/09/20 18:17:54 INFO File created iter=15 Rate="github.Rate{Limit:5000, Remaining:4938, Reset:github.Timestamp{2023-09-20 18:54:31 +0530 IST}}"
2023/09/20 18:18:00 INFO PR created iter=15 Rate="github.Rate{Limit:5000, Remaining:4937, Reset:github.Timestamp{2023-09-20 18:54:31 +0530 IST}}"
2023/09/20 18:18:05 INFO Starting flow branch=fb-16-o2hEVB
2023/09/20 18:18:06 INFO Branch Created branch=fb-16-o2hEVB rate="github.Rate{Limit:5000, Remaining:4936, Reset:github.Timestamp{2023-09-20 18:54:31 +0530 IST}}"
2023/09/20 18:18:11 INFO File created iter=16 Rate="github.Rate{Limit:5000, Remaining:4935, Reset:github.Timestamp{2023-09-20 18:54:31 +0530 IST}}"
2023/09/20 18:18:18 INFO PR created iter=16 Rate="github.Rate{Limit:5000, Remaining:4934, Reset:github.Timestamp{2023-09-20 18:54:31 +0530 IST}}"
2023/09/20 18:18:23 INFO Starting flow branch=fb-17-azTUPy
2023/09/20 18:18:23 INFO Branch Created branch=fb-17-azTUPy rate="github.Rate{Limit:5000, Remaining:4933, Reset:github.Timestamp{2023-09-20 18:54:31 +0530 IST}}"
2023/09/20 18:18:29 INFO File created iter=17 Rate="github.Rate{Limit:5000, Remaining:4932, Reset:github.Timestamp{2023-09-20 18:54:31 +0530 IST}}"
2023/09/20 18:18:35 INFO PR created iter=17 Rate="github.Rate{Limit:5000, Remaining:4931, Reset:github.Timestamp{2023-09-20 18:54:31 +0530 IST}}"
2023/09/20 18:18:40 INFO Starting flow branch=fb-18-T8lNIp
2023/09/20 18:18:41 INFO Branch Created branch=fb-18-T8lNIp rate="github.Rate{Limit:5000, Remaining:4930, Reset:github.Timestamp{2023-09-20 18:54:31 +0530 IST}}"
2023/09/20 18:18:46 INFO File created iter=18 Rate="github.Rate{Limit:5000, Remaining:4929, Reset:github.Timestamp{2023-09-20 18:54:31 +0530 IST}}"
2023/09/20 18:18:53 INFO PR created iter=18 Rate="github.Rate{Limit:5000, Remaining:4928, Reset:github.Timestamp{2023-09-20 18:54:31 +0530 IST}}"
2023/09/20 18:18:58 INFO Starting flow branch=fb-19-c3GHn3
2023/09/20 18:18:58 INFO Branch Created branch=fb-19-c3GHn3 rate="github.Rate{Limit:5000, Remaining:4927, Reset:github.Timestamp{2023-09-20 18:54:31 +0530 IST}}"
2023/09/20 18:19:04 INFO File created iter=19 Rate="github.Rate{Limit:5000, Remaining:4926, Reset:github.Timestamp{2023-09-20 18:54:31 +0530 IST}}"
2023/09/20 18:19:10 INFO PR created iter=19 Rate="github.Rate{Limit:5000, Remaining:4925, Reset:github.Timestamp{2023-09-20 18:54:31 +0530 IST}}"
2023/09/20 18:19:15 INFO Starting flow branch=fb-20-K3dULJ
2023/09/20 18:19:15 INFO Branch Created branch=fb-20-K3dULJ rate="github.Rate{Limit:5000, Remaining:4924, Reset:github.Timestamp{2023-09-20 18:54:31 +0530 IST}}"
2023/09/20 18:19:21 INFO File created iter=20 Rate="github.Rate{Limit:5000, Remaining:4923, Reset:github.Timestamp{2023-09-20 18:54:31 +0530 IST}}"
2023/09/20 18:19:27 INFO PR created iter=20 Rate="github.Rate{Limit:5000, Remaining:4922, Reset:github.Timestamp{2023-09-20 18:54:31 +0530 IST}}"
2023/09/20 18:19:32 INFO Starting flow branch=fb-21-qWWxo5
2023/09/20 18:19:32 INFO Branch Created branch=fb-21-qWWxo5 rate="github.Rate{Limit:5000, Remaining:4921, Reset:github.Timestamp{2023-09-20 18:54:31 +0530 IST}}"
2023/09/20 18:19:38 INFO File created iter=21 Rate="github.Rate{Limit:5000, Remaining:4920, Reset:github.Timestamp{2023-09-20 18:54:31 +0530 IST}}"
2023/09/20 18:19:44 INFO PR created iter=21 Rate="github.Rate{Limit:5000, Remaining:4919, Reset:github.Timestamp{2023-09-20 18:54:31 +0530 IST}}"
2023/09/20 18:19:49 INFO Starting flow branch=fb-22-gWPIQk
2023/09/20 18:19:50 INFO Branch Created branch=fb-22-gWPIQk rate="github.Rate{Limit:5000, Remaining:4918, Reset:github.Timestamp{2023-09-20 18:54:31 +0530 IST}}"
2023/09/20 18:19:55 INFO File created iter=22 Rate="github.Rate{Limit:5000, Remaining:4917, Reset:github.Timestamp{2023-09-20 18:54:31 +0530 IST}}"
2023/09/20 18:20:01 ERROR Error while running experiment err="POST https://api.github.com/repos/hextechpal/gh-limits/pulls: 403 You have exceeded a secondary rate limit and have been temporarily blocked from content creation. Please retry your request again later. If you reach out to GitHub Support for help, please include the request ID D06D:126579:8D8D5A:96E6E2:650AEA74. []"
