2023/09/21 17:11:05 INFO Starting flow branch=fb-0-xEahum
2023/09/21 17:11:05 INFO Branch Created branch=fb-0-xEahum rate="github.Rate{Limit:5000, Remaining:4987, Reset:github.Timestamp{2023-09-21 17:55:39 +0530 IST}}"
2023/09/21 17:11:11 INFO File created iter=0 Rate="github.Rate{Limit:5000, Remaining:4986, Reset:github.Timestamp{2023-09-21 17:55:39 +0530 IST}}"
2023/09/21 17:11:17 INFO PR created iter=0 Rate="github.Rate{Limit:5000, Remaining:4985, Reset:github.Timestamp{2023-09-21 17:55:39 +0530 IST}}"
2023/09/21 17:11:22 INFO Starting flow branch=fb-1-L2j4vn
2023/09/21 17:11:23 INFO Branch Created branch=fb-1-L2j4vn rate="github.Rate{Limit:5000, Remaining:4984, Reset:github.Timestamp{2023-09-21 17:55:39 +0530 IST}}"
2023/09/21 17:11:28 INFO File created iter=1 Rate="github.Rate{Limit:5000, Remaining:4983, Reset:github.Timestamp{2023-09-21 17:55:39 +0530 IST}}"
2023/09/21 17:11:34 INFO PR created iter=1 Rate="github.Rate{Limit:5000, Remaining:4982, Reset:github.Timestamp{2023-09-21 17:55:39 +0530 IST}}"
2023/09/21 17:11:39 INFO Starting flow branch=fb-2-1QSsGg
2023/09/21 17:11:40 INFO Branch Created branch=fb-2-1QSsGg rate="github.Rate{Limit:5000, Remaining:4981, Reset:github.Timestamp{2023-09-21 17:55:39 +0530 IST}}"
2023/09/21 17:11:46 INFO File created iter=2 Rate="github.Rate{Limit:5000, Remaining:4980, Reset:github.Timestamp{2023-09-21 17:55:39 +0530 IST}}"
2023/09/21 17:11:52 INFO PR created iter=2 Rate="github.Rate{Limit:5000, Remaining:4979, Reset:github.Timestamp{2023-09-21 17:55:39 +0530 IST}}"
2023/09/21 17:11:57 INFO Starting flow branch=fb-3-bmvNkE
2023/09/21 17:11:57 INFO Branch Created branch=fb-3-bmvNkE rate="github.Rate{Limit:5000, Remaining:4978, Reset:github.Timestamp{2023-09-21 17:55:39 +0530 IST}}"
2023/09/21 17:12:03 INFO File created iter=3 Rate="github.Rate{Limit:5000, Remaining:4977, Reset:github.Timestamp{2023-09-21 17:55:39 +0530 IST}}"
2023/09/21 17:12:09 INFO PR created iter=3 Rate="github.Rate{Limit:5000, Remaining:4976, Reset:github.Timestamp{2023-09-21 17:55:39 +0530 IST}}"
2023/09/21 17:12:14 INFO Starting flow branch=fb-4-8yAsAs
2023/09/21 17:12:15 INFO Branch Created branch=fb-4-8yAsAs rate="github.Rate{Limit:5000, Remaining:4975, Reset:github.Timestamp{2023-09-21 17:55:39 +0530 IST}}"
2023/09/21 17:12:20 INFO File created iter=4 Rate="github.Rate{Limit:5000, Remaining:4974, Reset:github.Timestamp{2023-09-21 17:55:39 +0530 IST}}"
2023/09/21 17:12:27 INFO PR created iter=4 Rate="github.Rate{Limit:5000, Remaining:4973, Reset:github.Timestamp{2023-09-21 17:55:39 +0530 IST}}"
2023/09/21 17:12:32 INFO Starting flow branch=fb-5-u5pGPr
2023/09/21 17:12:32 INFO Branch Created branch=fb-5-u5pGPr rate="github.Rate{Limit:5000, Remaining:4972, Reset:github.Timestamp{2023-09-21 17:55:39 +0530 IST}}"
2023/09/21 17:12:38 INFO File created iter=5 Rate="github.Rate{Limit:5000, Remaining:4971, Reset:github.Timestamp{2023-09-21 17:55:39 +0530 IST}}"
2023/09/21 17:12:44 INFO PR created iter=5 Rate="github.Rate{Limit:5000, Remaining:4970, Reset:github.Timestamp{2023-09-21 17:55:39 +0530 IST}}"
2023/09/21 17:12:49 INFO Starting flow branch=fb-6-CyIkh3
2023/09/21 17:12:49 INFO Branch Created branch=fb-6-CyIkh3 rate="github.Rate{Limit:5000, Remaining:4969, Reset:github.Timestamp{2023-09-21 17:55:39 +0530 IST}}"
2023/09/21 17:12:55 INFO File created iter=6 Rate="github.Rate{Limit:5000, Remaining:4968, Reset:github.Timestamp{2023-09-21 17:55:39 +0530 IST}}"
2023/09/21 17:13:01 INFO PR created iter=6 Rate="github.Rate{Limit:5000, Remaining:4967, Reset:github.Timestamp{2023-09-21 17:55:39 +0530 IST}}"
2023/09/21 17:13:06 INFO Starting flow branch=fb-7-FNj-wz
2023/09/21 17:13:07 INFO Branch Created branch=fb-7-FNj-wz rate="github.Rate{Limit:5000, Remaining:4966, Reset:github.Timestamp{2023-09-21 17:55:39 +0530 IST}}"
2023/09/21 17:13:13 INFO File created iter=7 Rate="github.Rate{Limit:5000, Remaining:4965, Reset:github.Timestamp{2023-09-21 17:55:39 +0530 IST}}"
2023/09/21 17:13:20 INFO PR created iter=7 Rate="github.Rate{Limit:5000, Remaining:4964, Reset:github.Timestamp{2023-09-21 17:55:39 +0530 IST}}"
2023/09/21 17:13:25 INFO Starting flow branch=fb-8-pqTnbl
2023/09/21 17:13:25 INFO Branch Created branch=fb-8-pqTnbl rate="github.Rate{Limit:5000, Remaining:4963, Reset:github.Timestamp{2023-09-21 17:55:39 +0530 IST}}"
2023/09/21 17:13:31 INFO File created iter=8 Rate="github.Rate{Limit:5000, Remaining:4962, Reset:github.Timestamp{2023-09-21 17:55:39 +0530 IST}}"
2023/09/21 17:13:37 INFO PR created iter=8 Rate="github.Rate{Limit:5000, Remaining:4961, Reset:github.Timestamp{2023-09-21 17:55:39 +0530 IST}}"
2023/09/21 17:13:42 INFO Starting flow branch=fb-9-su-vdI
2023/09/21 17:13:42 INFO Branch Created branch=fb-9-su-vdI rate="github.Rate{Limit:5000, Remaining:4960, Reset:github.Timestamp{2023-09-21 17:55:39 +0530 IST}}"
2023/09/21 17:13:48 INFO File created iter=9 Rate="github.Rate{Limit:5000, Remaining:4959, Reset:github.Timestamp{2023-09-21 17:55:39 +0530 IST}}"
2023/09/21 17:13:54 INFO PR created iter=9 Rate="github.Rate{Limit:5000, Remaining:4958, Reset:github.Timestamp{2023-09-21 17:55:39 +0530 IST}}"
2023/09/21 17:13:59 INFO Starting flow branch=fb-10-O-_ysa
2023/09/21 17:14:00 INFO Branch Created branch=fb-10-O-_ysa rate="github.Rate{Limit:5000, Remaining:4957, Reset:github.Timestamp{2023-09-21 17:55:39 +0530 IST}}"
2023/09/21 17:14:05 INFO File created iter=10 Rate="github.Rate{Limit:5000, Remaining:4956, Reset:github.Timestamp{2023-09-21 17:55:39 +0530 IST}}"
2023/09/21 17:14:11 INFO PR created iter=10 Rate="github.Rate{Limit:5000, Remaining:4955, Reset:github.Timestamp{2023-09-21 17:55:39 +0530 IST}}"
2023/09/21 17:14:16 INFO Starting flow branch=fb-11-rgiNHD
2023/09/21 17:14:17 INFO Branch Created branch=fb-11-rgiNHD rate="github.Rate{Limit:5000, Remaining:4954, Reset:github.Timestamp{2023-09-21 17:55:39 +0530 IST}}"
2023/09/21 17:14:23 INFO File created iter=11 Rate="github.Rate{Limit:5000, Remaining:4953, Reset:github.Timestamp{2023-09-21 17:55:39 +0530 IST}}"
2023/09/21 17:14:29 INFO PR created iter=11 Rate="github.Rate{Limit:5000, Remaining:4952, Reset:github.Timestamp{2023-09-21 17:55:39 +0530 IST}}"
2023/09/21 17:14:34 INFO Starting flow branch=fb-12-a1K7Dr
2023/09/21 17:14:34 INFO Branch Created branch=fb-12-a1K7Dr rate="github.Rate{Limit:5000, Remaining:4951, Reset:github.Timestamp{2023-09-21 17:55:39 +0530 IST}}"
2023/09/21 17:14:40 INFO File created iter=12 Rate="github.Rate{Limit:5000, Remaining:4950, Reset:github.Timestamp{2023-09-21 17:55:39 +0530 IST}}"
2023/09/21 17:14:46 INFO PR created iter=12 Rate="github.Rate{Limit:5000, Remaining:4949, Reset:github.Timestamp{2023-09-21 17:55:39 +0530 IST}}"
2023/09/21 17:14:51 INFO Starting flow branch=fb-13-1-tPy0
2023/09/21 17:14:52 INFO Branch Created branch=fb-13-1-tPy0 rate="github.Rate{Limit:5000, Remaining:4948, Reset:github.Timestamp{2023-09-21 17:55:39 +0530 IST}}"
2023/09/21 17:14:57 INFO File created iter=13 Rate="github.Rate{Limit:5000, Remaining:4947, Reset:github.Timestamp{2023-09-21 17:55:39 +0530 IST}}"
2023/09/21 17:15:04 INFO PR created iter=13 Rate="github.Rate{Limit:5000, Remaining:4946, Reset:github.Timestamp{2023-09-21 17:55:39 +0530 IST}}"
2023/09/21 17:15:09 INFO Starting flow branch=fb-14-kmfqka
2023/09/21 17:15:09 INFO Branch Created branch=fb-14-kmfqka rate="github.Rate{Limit:5000, Remaining:4945, Reset:github.Timestamp{2023-09-21 17:55:39 +0530 IST}}"
2023/09/21 17:15:15 INFO File created iter=14 Rate="github.Rate{Limit:5000, Remaining:4944, Reset:github.Timestamp{2023-09-21 17:55:39 +0530 IST}}"
2023/09/21 17:15:21 INFO PR created iter=14 Rate="github.Rate{Limit:5000, Remaining:4943, Reset:github.Timestamp{2023-09-21 17:55:39 +0530 IST}}"
2023/09/21 17:15:26 INFO Starting flow branch=fb-15-K_frlA
2023/09/21 17:15:26 INFO Branch Created branch=fb-15-K_frlA rate="github.Rate{Limit:5000, Remaining:4942, Reset:github.Timestamp{2023-09-21 17:55:39 +0530 IST}}"
2023/09/21 17:15:32 INFO File created iter=15 Rate="github.Rate{Limit:5000, Remaining:4941, Reset:github.Timestamp{2023-09-21 17:55:39 +0530 IST}}"
2023/09/21 17:15:38 INFO PR created iter=15 Rate="github.Rate{Limit:5000, Remaining:4940, Reset:github.Timestamp{2023-09-21 17:55:39 +0530 IST}}"
2023/09/21 17:15:43 INFO Starting flow branch=fb-16-AHJgVc
2023/09/21 17:15:44 INFO Branch Created branch=fb-16-AHJgVc rate="github.Rate{Limit:5000, Remaining:4939, Reset:github.Timestamp{2023-09-21 17:55:39 +0530 IST}}"
2023/09/21 17:15:49 INFO File created iter=16 Rate="github.Rate{Limit:5000, Remaining:4938, Reset:github.Timestamp{2023-09-21 17:55:39 +0530 IST}}"
2023/09/21 17:15:56 INFO PR created iter=16 Rate="github.Rate{Limit:5000, Remaining:4937, Reset:github.Timestamp{2023-09-21 17:55:39 +0530 IST}}"
2023/09/21 17:16:01 INFO Starting flow branch=fb-17-VpLtN5
2023/09/21 17:16:01 INFO Branch Created branch=fb-17-VpLtN5 rate="github.Rate{Limit:5000, Remaining:4936, Reset:github.Timestamp{2023-09-21 17:55:39 +0530 IST}}"
2023/09/21 17:16:07 INFO File created iter=17 Rate="github.Rate{Limit:5000, Remaining:4935, Reset:github.Timestamp{2023-09-21 17:55:39 +0530 IST}}"
2023/09/21 17:16:13 INFO PR created iter=17 Rate="github.Rate{Limit:5000, Remaining:4934, Reset:github.Timestamp{2023-09-21 17:55:39 +0530 IST}}"
2023/09/21 17:16:18 INFO Starting flow branch=fb-18-Fh8PHe
2023/09/21 17:16:19 INFO Branch Created branch=fb-18-Fh8PHe rate="github.Rate{Limit:5000, Remaining:4933, Reset:github.Timestamp{2023-09-21 17:55:39 +0530 IST}}"
2023/09/21 17:16:24 INFO File created iter=18 Rate="github.Rate{Limit:5000, Remaining:4932, Reset:github.Timestamp{2023-09-21 17:55:39 +0530 IST}}"
2023/09/21 17:16:30 INFO PR created iter=18 Rate="github.Rate{Limit:5000, Remaining:4931, Reset:github.Timestamp{2023-09-21 17:55:39 +0530 IST}}"
2023/09/21 17:16:35 INFO Starting flow branch=fb-19-l2vljd
2023/09/21 17:16:36 INFO Branch Created branch=fb-19-l2vljd rate="github.Rate{Limit:5000, Remaining:4930, Reset:github.Timestamp{2023-09-21 17:55:39 +0530 IST}}"
2023/09/21 17:16:42 INFO File created iter=19 Rate="github.Rate{Limit:5000, Remaining:4929, Reset:github.Timestamp{2023-09-21 17:55:39 +0530 IST}}"
2023/09/21 17:16:48 INFO PR created iter=19 Rate="github.Rate{Limit:5000, Remaining:4928, Reset:github.Timestamp{2023-09-21 17:55:39 +0530 IST}}"
2023/09/21 17:16:53 INFO Starting flow branch=fb-20-FcKKWw
2023/09/21 17:16:53 INFO Branch Created branch=fb-20-FcKKWw rate="github.Rate{Limit:5000, Remaining:4927, Reset:github.Timestamp{2023-09-21 17:55:39 +0530 IST}}"
2023/09/21 17:16:59 INFO File created iter=20 Rate="github.Rate{Limit:5000, Remaining:4926, Reset:github.Timestamp{2023-09-21 17:55:39 +0530 IST}}"
2023/09/21 17:17:05 INFO PR created iter=20 Rate="github.Rate{Limit:5000, Remaining:4925, Reset:github.Timestamp{2023-09-21 17:55:39 +0530 IST}}"
2023/09/21 17:17:10 INFO Starting flow branch=fb-21-gxEjyf
2023/09/21 17:17:10 INFO Branch Created branch=fb-21-gxEjyf rate="github.Rate{Limit:5000, Remaining:4924, Reset:github.Timestamp{2023-09-21 17:55:39 +0530 IST}}"
2023/09/21 17:17:16 INFO File created iter=21 Rate="github.Rate{Limit:5000, Remaining:4923, Reset:github.Timestamp{2023-09-21 17:55:39 +0530 IST}}"
2023/09/21 17:17:22 INFO PR created iter=21 Rate="github.Rate{Limit:5000, Remaining:4922, Reset:github.Timestamp{2023-09-21 17:55:39 +0530 IST}}"
2023/09/21 17:17:27 INFO Starting flow branch=fb-22-FXWXUV
2023/09/21 17:17:28 INFO Branch Created branch=fb-22-FXWXUV rate="github.Rate{Limit:5000, Remaining:4921, Reset:github.Timestamp{2023-09-21 17:55:39 +0530 IST}}"
2023/09/21 17:17:33 INFO File created iter=22 Rate="github.Rate{Limit:5000, Remaining:4920, Reset:github.Timestamp{2023-09-21 17:55:39 +0530 IST}}"
2023/09/21 17:17:40 INFO PR created iter=22 Rate="github.Rate{Limit:5000, Remaining:4919, Reset:github.Timestamp{2023-09-21 17:55:39 +0530 IST}}"
2023/09/21 17:17:45 INFO Starting flow branch=fb-23-uL7vej
2023/09/21 17:17:45 INFO Branch Created branch=fb-23-uL7vej rate="github.Rate{Limit:5000, Remaining:4918, Reset:github.Timestamp{2023-09-21 17:55:39 +0530 IST}}"
2023/09/21 17:17:51 INFO File created iter=23 Rate="github.Rate{Limit:5000, Remaining:4917, Reset:github.Timestamp{2023-09-21 17:55:39 +0530 IST}}"
2023/09/21 17:17:58 INFO PR created iter=23 Rate="github.Rate{Limit:5000, Remaining:4916, Reset:github.Timestamp{2023-09-21 17:55:39 +0530 IST}}"
2023/09/21 17:18:03 INFO Starting flow branch=fb-24-20Qp-d
2023/09/21 17:18:03 INFO Branch Created branch=fb-24-20Qp-d rate="github.Rate{Limit:5000, Remaining:4915, Reset:github.Timestamp{2023-09-21 17:55:39 +0530 IST}}"
2023/09/21 17:18:09 INFO File created iter=24 Rate="github.Rate{Limit:5000, Remaining:4914, Reset:github.Timestamp{2023-09-21 17:55:39 +0530 IST}}"
2023/09/21 17:18:15 INFO PR created iter=24 Rate="github.Rate{Limit:5000, Remaining:4913, Reset:github.Timestamp{2023-09-21 17:55:39 +0530 IST}}"
2023/09/21 17:18:20 INFO Starting flow branch=fb-25-oZQ8bY
2023/09/21 17:18:20 INFO Branch Created branch=fb-25-oZQ8bY rate="github.Rate{Limit:5000, Remaining:4912, Reset:github.Timestamp{2023-09-21 17:55:39 +0530 IST}}"
2023/09/21 17:18:26 INFO File created iter=25 Rate="github.Rate{Limit:5000, Remaining:4911, Reset:github.Timestamp{2023-09-21 17:55:39 +0530 IST}}"
2023/09/21 17:18:32 INFO PR created iter=25 Rate="github.Rate{Limit:5000, Remaining:4910, Reset:github.Timestamp{2023-09-21 17:55:39 +0530 IST}}"
2023/09/21 17:18:37 INFO Starting flow branch=fb-26-sgAncy
2023/09/21 17:18:37 INFO Branch Created branch=fb-26-sgAncy rate="github.Rate{Limit:5000, Remaining:4909, Reset:github.Timestamp{2023-09-21 17:55:39 +0530 IST}}"
2023/09/21 17:18:43 INFO File created iter=26 Rate="github.Rate{Limit:5000, Remaining:4908, Reset:github.Timestamp{2023-09-21 17:55:39 +0530 IST}}"
2023/09/21 17:18:49 INFO PR created iter=26 Rate="github.Rate{Limit:5000, Remaining:4907, Reset:github.Timestamp{2023-09-21 17:55:39 +0530 IST}}"
2023/09/21 17:18:54 INFO Starting flow branch=fb-27-j_uWd2
2023/09/21 17:18:55 INFO Branch Created branch=fb-27-j_uWd2 rate="github.Rate{Limit:5000, Remaining:4906, Reset:github.Timestamp{2023-09-21 17:55:39 +0530 IST}}"
2023/09/21 17:19:00 INFO File created iter=27 Rate="github.Rate{Limit:5000, Remaining:4905, Reset:github.Timestamp{2023-09-21 17:55:39 +0530 IST}}"
2023/09/21 17:19:06 INFO PR created iter=27 Rate="github.Rate{Limit:5000, Remaining:4904, Reset:github.Timestamp{2023-09-21 17:55:39 +0530 IST}}"
2023/09/21 17:19:11 INFO Starting flow branch=fb-28-Wp-9NX
2023/09/21 17:19:12 INFO Branch Created branch=fb-28-Wp-9NX rate="github.Rate{Limit:5000, Remaining:4903, Reset:github.Timestamp{2023-09-21 17:55:39 +0530 IST}}"
2023/09/21 17:19:17 INFO File created iter=28 Rate="github.Rate{Limit:5000, Remaining:4902, Reset:github.Timestamp{2023-09-21 17:55:39 +0530 IST}}"
2023/09/21 17:19:23 INFO PR created iter=28 Rate="github.Rate{Limit:5000, Remaining:4901, Reset:github.Timestamp{2023-09-21 17:55:39 +0530 IST}}"
2023/09/21 17:19:28 INFO Starting flow branch=fb-29-Mp0yuS
2023/09/21 17:19:29 INFO Branch Created branch=fb-29-Mp0yuS rate="github.Rate{Limit:5000, Remaining:4900, Reset:github.Timestamp{2023-09-21 17:55:39 +0530 IST}}"
2023/09/21 17:19:34 INFO File created iter=29 Rate="github.Rate{Limit:5000, Remaining:4899, Reset:github.Timestamp{2023-09-21 17:55:39 +0530 IST}}"
2023/09/21 17:19:41 INFO PR created iter=29 Rate="github.Rate{Limit:5000, Remaining:4898, Reset:github.Timestamp{2023-09-21 17:55:39 +0530 IST}}"
2023/09/21 17:19:46 INFO Starting flow branch=fb-30-xZoGYQ
2023/09/21 17:19:46 INFO Branch Created branch=fb-30-xZoGYQ rate="github.Rate{Limit:5000, Remaining:4897, Reset:github.Timestamp{2023-09-21 17:55:39 +0530 IST}}"
2023/09/21 17:19:52 INFO File created iter=30 Rate="github.Rate{Limit:5000, Remaining:4896, Reset:github.Timestamp{2023-09-21 17:55:39 +0530 IST}}"
2023/09/21 17:19:58 INFO PR created iter=30 Rate="github.Rate{Limit:5000, Remaining:4895, Reset:github.Timestamp{2023-09-21 17:55:39 +0530 IST}}"
2023/09/21 17:20:03 INFO Starting flow branch=fb-31-mvyYq9
2023/09/21 17:20:04 INFO Branch Created branch=fb-31-mvyYq9 rate="github.Rate{Limit:5000, Remaining:4894, Reset:github.Timestamp{2023-09-21 17:55:39 +0530 IST}}"
2023/09/21 17:20:09 INFO File created iter=31 Rate="github.Rate{Limit:5000, Remaining:4893, Reset:github.Timestamp{2023-09-21 17:55:39 +0530 IST}}"
2023/09/21 17:20:15 INFO PR created iter=31 Rate="github.Rate{Limit:5000, Remaining:4892, Reset:github.Timestamp{2023-09-21 17:55:39 +0530 IST}}"
2023/09/21 17:20:20 INFO Starting flow branch=fb-32-92dsVN
2023/09/21 17:20:21 INFO Branch Created branch=fb-32-92dsVN rate="github.Rate{Limit:5000, Remaining:4891, Reset:github.Timestamp{2023-09-21 17:55:39 +0530 IST}}"
2023/09/21 17:20:27 INFO File created iter=32 Rate="github.Rate{Limit:5000, Remaining:4890, Reset:github.Timestamp{2023-09-21 17:55:39 +0530 IST}}"
2023/09/21 17:20:33 INFO PR created iter=32 Rate="github.Rate{Limit:5000, Remaining:4889, Reset:github.Timestamp{2023-09-21 17:55:39 +0530 IST}}"
2023/09/21 17:20:38 INFO Starting flow branch=fb-33-khi8dc
2023/09/21 17:20:39 INFO Branch Created branch=fb-33-khi8dc rate="github.Rate{Limit:5000, Remaining:4888, Reset:github.Timestamp{2023-09-21 17:55:39 +0530 IST}}"
2023/09/21 17:20:44 INFO File created iter=33 Rate="github.Rate{Limit:5000, Remaining:4887, Reset:github.Timestamp{2023-09-21 17:55:39 +0530 IST}}"
2023/09/21 17:20:50 INFO PR created iter=33 Rate="github.Rate{Limit:5000, Remaining:4886, Reset:github.Timestamp{2023-09-21 17:55:39 +0530 IST}}"
2023/09/21 17:20:55 INFO Starting flow branch=fb-34-3J0n2d
2023/09/21 17:20:56 INFO Branch Created branch=fb-34-3J0n2d rate="github.Rate{Limit:5000, Remaining:4885, Reset:github.Timestamp{2023-09-21 17:55:39 +0530 IST}}"
2023/09/21 17:21:01 INFO File created iter=34 Rate="github.Rate{Limit:5000, Remaining:4884, Reset:github.Timestamp{2023-09-21 17:55:39 +0530 IST}}"
2023/09/21 17:21:07 INFO PR created iter=34 Rate="github.Rate{Limit:5000, Remaining:4883, Reset:github.Timestamp{2023-09-21 17:55:39 +0530 IST}}"
2023/09/21 17:21:12 INFO Starting flow branch=fb-35-uBH3TX
2023/09/21 17:21:13 INFO Branch Created branch=fb-35-uBH3TX rate="github.Rate{Limit:5000, Remaining:4882, Reset:github.Timestamp{2023-09-21 17:55:39 +0530 IST}}"
2023/09/21 17:21:18 INFO File created iter=35 Rate="github.Rate{Limit:5000, Remaining:4881, Reset:github.Timestamp{2023-09-21 17:55:39 +0530 IST}}"
2023/09/21 17:21:25 INFO PR created iter=35 Rate="github.Rate{Limit:5000, Remaining:4880, Reset:github.Timestamp{2023-09-21 17:55:39 +0530 IST}}"
2023/09/21 17:21:30 INFO Starting flow branch=fb-36-zXaSMt
2023/09/21 17:21:30 INFO Branch Created branch=fb-36-zXaSMt rate="github.Rate{Limit:5000, Remaining:4879, Reset:github.Timestamp{2023-09-21 17:55:39 +0530 IST}}"
2023/09/21 17:21:36 INFO File created iter=36 Rate="github.Rate{Limit:5000, Remaining:4878, Reset:github.Timestamp{2023-09-21 17:55:39 +0530 IST}}"
2023/09/21 17:21:42 INFO PR created iter=36 Rate="github.Rate{Limit:5000, Remaining:4877, Reset:github.Timestamp{2023-09-21 17:55:39 +0530 IST}}"
2023/09/21 17:21:47 INFO Starting flow branch=fb-37-6dG2O5
2023/09/21 17:21:48 INFO Branch Created branch=fb-37-6dG2O5 rate="github.Rate{Limit:5000, Remaining:4876, Reset:github.Timestamp{2023-09-21 17:55:39 +0530 IST}}"
2023/09/21 17:21:53 INFO File created iter=37 Rate="github.Rate{Limit:5000, Remaining:4875, Reset:github.Timestamp{2023-09-21 17:55:39 +0530 IST}}"
2023/09/21 17:22:00 INFO PR created iter=37 Rate="github.Rate{Limit:5000, Remaining:4874, Reset:github.Timestamp{2023-09-21 17:55:39 +0530 IST}}"
2023/09/21 17:22:05 INFO Starting flow branch=fb-38-9pwDDB
2023/09/21 17:22:05 INFO Branch Created branch=fb-38-9pwDDB rate="github.Rate{Limit:5000, Remaining:4873, Reset:github.Timestamp{2023-09-21 17:55:39 +0530 IST}}"
2023/09/21 17:22:11 INFO File created iter=38 Rate="github.Rate{Limit:5000, Remaining:4872, Reset:github.Timestamp{2023-09-21 17:55:39 +0530 IST}}"
2023/09/21 17:22:17 INFO PR created iter=38 Rate="github.Rate{Limit:5000, Remaining:4871, Reset:github.Timestamp{2023-09-21 17:55:39 +0530 IST}}"
2023/09/21 17:22:22 INFO Starting flow branch=fb-39-8JS0N0
2023/09/21 17:22:23 INFO Branch Created branch=fb-39-8JS0N0 rate="github.Rate{Limit:5000, Remaining:4870, Reset:github.Timestamp{2023-09-21 17:55:39 +0530 IST}}"
2023/09/21 17:22:28 INFO File created iter=39 Rate="github.Rate{Limit:5000, Remaining:4869, Reset:github.Timestamp{2023-09-21 17:55:39 +0530 IST}}"
2023/09/21 17:22:34 INFO PR created iter=39 Rate="github.Rate{Limit:5000, Remaining:4868, Reset:github.Timestamp{2023-09-21 17:55:39 +0530 IST}}"
2023/09/21 17:22:39 INFO Starting flow branch=fb-40-raWl4x
2023/09/21 17:22:40 INFO Branch Created branch=fb-40-raWl4x rate="github.Rate{Limit:5000, Remaining:4867, Reset:github.Timestamp{2023-09-21 17:55:39 +0530 IST}}"
2023/09/21 17:22:45 INFO File created iter=40 Rate="github.Rate{Limit:5000, Remaining:4866, Reset:github.Timestamp{2023-09-21 17:55:39 +0530 IST}}"
2023/09/21 17:22:52 INFO PR created iter=40 Rate="github.Rate{Limit:5000, Remaining:4865, Reset:github.Timestamp{2023-09-21 17:55:39 +0530 IST}}"
2023/09/21 17:22:57 INFO Starting flow branch=fb-41-Ul2z3m
2023/09/21 17:22:57 INFO Branch Created branch=fb-41-Ul2z3m rate="github.Rate{Limit:5000, Remaining:4864, Reset:github.Timestamp{2023-09-21 17:55:39 +0530 IST}}"
2023/09/21 17:23:03 INFO File created iter=41 Rate="github.Rate{Limit:5000, Remaining:4863, Reset:github.Timestamp{2023-09-21 17:55:39 +0530 IST}}"
2023/09/21 17:23:09 INFO PR created iter=41 Rate="github.Rate{Limit:5000, Remaining:4862, Reset:github.Timestamp{2023-09-21 17:55:39 +0530 IST}}"
2023/09/21 17:23:14 INFO Starting flow branch=fb-42-pJpN9o
2023/09/21 17:23:15 INFO Branch Created branch=fb-42-pJpN9o rate="github.Rate{Limit:5000, Remaining:4861, Reset:github.Timestamp{2023-09-21 17:55:39 +0530 IST}}"
2023/09/21 17:23:20 INFO File created iter=42 Rate="github.Rate{Limit:5000, Remaining:4860, Reset:github.Timestamp{2023-09-21 17:55:39 +0530 IST}}"
2023/09/21 17:23:27 INFO PR created iter=42 Rate="github.Rate{Limit:5000, Remaining:4859, Reset:github.Timestamp{2023-09-21 17:55:39 +0530 IST}}"
2023/09/21 17:23:32 INFO Starting flow branch=fb-43-txtPQ0
2023/09/21 17:23:32 INFO Branch Created branch=fb-43-txtPQ0 rate="github.Rate{Limit:5000, Remaining:4858, Reset:github.Timestamp{2023-09-21 17:55:39 +0530 IST}}"
2023/09/21 17:23:38 INFO File created iter=43 Rate="github.Rate{Limit:5000, Remaining:4857, Reset:github.Timestamp{2023-09-21 17:55:39 +0530 IST}}"
2023/09/21 17:23:44 INFO PR created iter=43 Rate="github.Rate{Limit:5000, Remaining:4856, Reset:github.Timestamp{2023-09-21 17:55:39 +0530 IST}}"
2023/09/21 17:23:49 INFO Starting flow branch=fb-44-zeyHrR
2023/09/21 17:23:49 INFO Branch Created branch=fb-44-zeyHrR rate="github.Rate{Limit:5000, Remaining:4855, Reset:github.Timestamp{2023-09-21 17:55:39 +0530 IST}}"
2023/09/21 17:23:55 INFO File created iter=44 Rate="github.Rate{Limit:5000, Remaining:4854, Reset:github.Timestamp{2023-09-21 17:55:39 +0530 IST}}"
2023/09/21 17:24:01 INFO PR created iter=44 Rate="github.Rate{Limit:5000, Remaining:4853, Reset:github.Timestamp{2023-09-21 17:55:39 +0530 IST}}"
2023/09/21 17:24:06 INFO Starting flow branch=fb-45-JpPuzA
2023/09/21 17:24:06 INFO Branch Created branch=fb-45-JpPuzA rate="github.Rate{Limit:5000, Remaining:4852, Reset:github.Timestamp{2023-09-21 17:55:39 +0530 IST}}"
2023/09/21 17:24:12 INFO File created iter=45 Rate="github.Rate{Limit:5000, Remaining:4851, Reset:github.Timestamp{2023-09-21 17:55:39 +0530 IST}}"
2023/09/21 17:24:18 INFO PR created iter=45 Rate="github.Rate{Limit:5000, Remaining:4850, Reset:github.Timestamp{2023-09-21 17:55:39 +0530 IST}}"
2023/09/21 17:24:23 INFO Starting flow branch=fb-46-luC21x
2023/09/21 17:24:24 INFO Branch Created branch=fb-46-luC21x rate="github.Rate{Limit:5000, Remaining:4849, Reset:github.Timestamp{2023-09-21 17:55:39 +0530 IST}}"
2023/09/21 17:24:29 INFO File created iter=46 Rate="github.Rate{Limit:5000, Remaining:4848, Reset:github.Timestamp{2023-09-21 17:55:39 +0530 IST}}"
2023/09/21 17:24:35 INFO PR created iter=46 Rate="github.Rate{Limit:5000, Remaining:4847, Reset:github.Timestamp{2023-09-21 17:55:39 +0530 IST}}"
2023/09/21 17:24:40 INFO Starting flow branch=fb-47-oZSs1p
2023/09/21 17:24:41 INFO Branch Created branch=fb-47-oZSs1p rate="github.Rate{Limit:5000, Remaining:4846, Reset:github.Timestamp{2023-09-21 17:55:39 +0530 IST}}"
2023/09/21 17:24:47 INFO File created iter=47 Rate="github.Rate{Limit:5000, Remaining:4845, Reset:github.Timestamp{2023-09-21 17:55:39 +0530 IST}}"
2023/09/21 17:24:53 INFO PR created iter=47 Rate="github.Rate{Limit:5000, Remaining:4844, Reset:github.Timestamp{2023-09-21 17:55:39 +0530 IST}}"
2023/09/21 17:24:58 INFO Starting flow branch=fb-48-RRL95r
2023/09/21 17:24:59 INFO Branch Created branch=fb-48-RRL95r rate="github.Rate{Limit:5000, Remaining:4843, Reset:github.Timestamp{2023-09-21 17:55:39 +0530 IST}}"
2023/09/21 17:25:04 INFO File created iter=48 Rate="github.Rate{Limit:5000, Remaining:4842, Reset:github.Timestamp{2023-09-21 17:55:39 +0530 IST}}"
2023/09/21 17:25:11 INFO PR created iter=48 Rate="github.Rate{Limit:5000, Remaining:4841, Reset:github.Timestamp{2023-09-21 17:55:39 +0530 IST}}"
2023/09/21 17:25:16 INFO Starting flow branch=fb-49-HOglbX
2023/09/21 17:25:16 INFO Branch Created branch=fb-49-HOglbX rate="github.Rate{Limit:5000, Remaining:4840, Reset:github.Timestamp{2023-09-21 17:55:39 +0530 IST}}"
2023/09/21 17:25:22 INFO File created iter=49 Rate="github.Rate{Limit:5000, Remaining:4839, Reset:github.Timestamp{2023-09-21 17:55:39 +0530 IST}}"
2023/09/21 17:25:28 INFO PR created iter=49 Rate="github.Rate{Limit:5000, Remaining:4838, Reset:github.Timestamp{2023-09-21 17:55:39 +0530 IST}}"
2023/09/21 17:25:33 INFO Starting flow branch=fb-50-c0IiW6
2023/09/21 17:25:34 INFO Branch Created branch=fb-50-c0IiW6 rate="github.Rate{Limit:5000, Remaining:4837, Reset:github.Timestamp{2023-09-21 17:55:39 +0530 IST}}"
2023/09/21 17:25:39 INFO File created iter=50 Rate="github.Rate{Limit:5000, Remaining:4836, Reset:github.Timestamp{2023-09-21 17:55:39 +0530 IST}}"
2023/09/21 17:25:46 INFO PR created iter=50 Rate="github.Rate{Limit:5000, Remaining:4834, Reset:github.Timestamp{2023-09-21 17:55:39 +0530 IST}}"
2023/09/21 17:25:51 INFO Starting flow branch=fb-51-GPwgsk
2023/09/21 17:25:51 INFO Branch Created branch=fb-51-GPwgsk rate="github.Rate{Limit:5000, Remaining:4833, Reset:github.Timestamp{2023-09-21 17:55:39 +0530 IST}}"
2023/09/21 17:25:57 INFO File created iter=51 Rate="github.Rate{Limit:5000, Remaining:4832, Reset:github.Timestamp{2023-09-21 17:55:39 +0530 IST}}"
2023/09/21 17:26:03 INFO PR created iter=51 Rate="github.Rate{Limit:5000, Remaining:4831, Reset:github.Timestamp{2023-09-21 17:55:39 +0530 IST}}"
2023/09/21 17:26:08 INFO Starting flow branch=fb-52-nzaRlP
2023/09/21 17:26:08 INFO Branch Created branch=fb-52-nzaRlP rate="github.Rate{Limit:5000, Remaining:4830, Reset:github.Timestamp{2023-09-21 17:55:39 +0530 IST}}"
2023/09/21 17:26:14 INFO File created iter=52 Rate="github.Rate{Limit:5000, Remaining:4829, Reset:github.Timestamp{2023-09-21 17:55:39 +0530 IST}}"
2023/09/21 17:26:20 INFO PR created iter=52 Rate="github.Rate{Limit:5000, Remaining:4828, Reset:github.Timestamp{2023-09-21 17:55:39 +0530 IST}}"
2023/09/21 17:26:25 INFO Starting flow branch=fb-53-LhAXip
2023/09/21 17:26:26 INFO Branch Created branch=fb-53-LhAXip rate="github.Rate{Limit:5000, Remaining:4827, Reset:github.Timestamp{2023-09-21 17:55:39 +0530 IST}}"
2023/09/21 17:26:31 INFO File created iter=53 Rate="github.Rate{Limit:5000, Remaining:4826, Reset:github.Timestamp{2023-09-21 17:55:39 +0530 IST}}"
2023/09/21 17:26:38 INFO PR created iter=53 Rate="github.Rate{Limit:5000, Remaining:4825, Reset:github.Timestamp{2023-09-21 17:55:39 +0530 IST}}"
2023/09/21 17:26:43 INFO Starting flow branch=fb-54-SaBcZ_
2023/09/21 17:26:44 INFO Branch Created branch=fb-54-SaBcZ_ rate="github.Rate{Limit:5000, Remaining:4824, Reset:github.Timestamp{2023-09-21 17:55:39 +0530 IST}}"
2023/09/21 17:26:50 INFO File created iter=54 Rate="github.Rate{Limit:5000, Remaining:4823, Reset:github.Timestamp{2023-09-21 17:55:39 +0530 IST}}"
2023/09/21 17:26:56 INFO PR created iter=54 Rate="github.Rate{Limit:5000, Remaining:4822, Reset:github.Timestamp{2023-09-21 17:55:39 +0530 IST}}"
2023/09/21 17:27:01 INFO Starting flow branch=fb-55-CePB_1
2023/09/21 17:27:02 INFO Branch Created branch=fb-55-CePB_1 rate="github.Rate{Limit:5000, Remaining:4821, Reset:github.Timestamp{2023-09-21 17:55:39 +0530 IST}}"
2023/09/21 17:27:07 INFO File created iter=55 Rate="github.Rate{Limit:5000, Remaining:4820, Reset:github.Timestamp{2023-09-21 17:55:39 +0530 IST}}"
2023/09/21 17:27:14 INFO PR created iter=55 Rate="github.Rate{Limit:5000, Remaining:4819, Reset:github.Timestamp{2023-09-21 17:55:39 +0530 IST}}"
2023/09/21 17:27:19 INFO Starting flow branch=fb-56-K4Fqv5
2023/09/21 17:27:19 INFO Branch Created branch=fb-56-K4Fqv5 rate="github.Rate{Limit:5000, Remaining:4818, Reset:github.Timestamp{2023-09-21 17:55:39 +0530 IST}}"
2023/09/21 17:27:25 INFO File created iter=56 Rate="github.Rate{Limit:5000, Remaining:4817, Reset:github.Timestamp{2023-09-21 17:55:39 +0530 IST}}"
2023/09/21 17:27:31 INFO PR created iter=56 Rate="github.Rate{Limit:5000, Remaining:4816, Reset:github.Timestamp{2023-09-21 17:55:39 +0530 IST}}"
2023/09/21 17:27:36 INFO Starting flow branch=fb-57-wMPG0d
2023/09/21 17:27:36 INFO Branch Created branch=fb-57-wMPG0d rate="github.Rate{Limit:5000, Remaining:4815, Reset:github.Timestamp{2023-09-21 17:55:39 +0530 IST}}"
2023/09/21 17:27:42 INFO File created iter=57 Rate="github.Rate{Limit:5000, Remaining:4814, Reset:github.Timestamp{2023-09-21 17:55:39 +0530 IST}}"
2023/09/21 17:27:48 INFO PR created iter=57 Rate="github.Rate{Limit:5000, Remaining:4813, Reset:github.Timestamp{2023-09-21 17:55:39 +0530 IST}}"
2023/09/21 17:27:53 INFO Starting flow branch=fb-58-hNEUBI
2023/09/21 17:27:54 INFO Branch Created branch=fb-58-hNEUBI rate="github.Rate{Limit:5000, Remaining:4812, Reset:github.Timestamp{2023-09-21 17:55:39 +0530 IST}}"
2023/09/21 17:27:59 INFO File created iter=58 Rate="github.Rate{Limit:5000, Remaining:4811, Reset:github.Timestamp{2023-09-21 17:55:39 +0530 IST}}"
2023/09/21 17:28:05 INFO PR created iter=58 Rate="github.Rate{Limit:5000, Remaining:4810, Reset:github.Timestamp{2023-09-21 17:55:39 +0530 IST}}"
2023/09/21 17:28:10 INFO Starting flow branch=fb-59-QVLWCh
2023/09/21 17:28:11 INFO Branch Created branch=fb-59-QVLWCh rate="github.Rate{Limit:5000, Remaining:4809, Reset:github.Timestamp{2023-09-21 17:55:39 +0530 IST}}"
2023/09/21 17:28:17 INFO File created iter=59 Rate="github.Rate{Limit:5000, Remaining:4808, Reset:github.Timestamp{2023-09-21 17:55:39 +0530 IST}}"
2023/09/21 17:28:23 INFO PR created iter=59 Rate="github.Rate{Limit:5000, Remaining:4807, Reset:github.Timestamp{2023-09-21 17:55:39 +0530 IST}}"
2023/09/21 17:28:28 INFO Starting flow branch=fb-60-MazV_w
2023/09/21 17:28:28 INFO Branch Created branch=fb-60-MazV_w rate="github.Rate{Limit:5000, Remaining:4806, Reset:github.Timestamp{2023-09-21 17:55:39 +0530 IST}}"
2023/09/21 17:28:34 INFO File created iter=60 Rate="github.Rate{Limit:5000, Remaining:4805, Reset:github.Timestamp{2023-09-21 17:55:39 +0530 IST}}"
2023/09/21 17:28:40 INFO PR created iter=60 Rate="github.Rate{Limit:5000, Remaining:4804, Reset:github.Timestamp{2023-09-21 17:55:39 +0530 IST}}"
2023/09/21 17:28:45 INFO Starting flow branch=fb-61-vgJ0Ys
2023/09/21 17:28:46 INFO Branch Created branch=fb-61-vgJ0Ys rate="github.Rate{Limit:5000, Remaining:4803, Reset:github.Timestamp{2023-09-21 17:55:39 +0530 IST}}"
2023/09/21 17:28:51 INFO File created iter=61 Rate="github.Rate{Limit:5000, Remaining:4802, Reset:github.Timestamp{2023-09-21 17:55:39 +0530 IST}}"
2023/09/21 17:28:57 INFO PR created iter=61 Rate="github.Rate{Limit:5000, Remaining:4801, Reset:github.Timestamp{2023-09-21 17:55:39 +0530 IST}}"
2023/09/21 17:29:02 INFO Starting flow branch=fb-62-sWc2TZ
2023/09/21 17:29:03 INFO Branch Created branch=fb-62-sWc2TZ rate="github.Rate{Limit:5000, Remaining:4800, Reset:github.Timestamp{2023-09-21 17:55:39 +0530 IST}}"
2023/09/21 17:29:08 INFO File created iter=62 Rate="github.Rate{Limit:5000, Remaining:4799, Reset:github.Timestamp{2023-09-21 17:55:39 +0530 IST}}"
2023/09/21 17:29:15 INFO PR created iter=62 Rate="github.Rate{Limit:5000, Remaining:4798, Reset:github.Timestamp{2023-09-21 17:55:39 +0530 IST}}"
2023/09/21 17:29:20 INFO Starting flow branch=fb-63-sZpqGK
2023/09/21 17:29:20 INFO Branch Created branch=fb-63-sZpqGK rate="github.Rate{Limit:5000, Remaining:4797, Reset:github.Timestamp{2023-09-21 17:55:39 +0530 IST}}"
2023/09/21 17:29:26 INFO File created iter=63 Rate="github.Rate{Limit:5000, Remaining:4796, Reset:github.Timestamp{2023-09-21 17:55:39 +0530 IST}}"
2023/09/21 17:29:32 INFO PR created iter=63 Rate="github.Rate{Limit:5000, Remaining:4795, Reset:github.Timestamp{2023-09-21 17:55:39 +0530 IST}}"
2023/09/21 17:29:37 INFO Starting flow branch=fb-64-HR1r4D
2023/09/21 17:29:37 INFO Branch Created branch=fb-64-HR1r4D rate="github.Rate{Limit:5000, Remaining:4794, Reset:github.Timestamp{2023-09-21 17:55:39 +0530 IST}}"
2023/09/21 17:29:43 INFO File created iter=64 Rate="github.Rate{Limit:5000, Remaining:4793, Reset:github.Timestamp{2023-09-21 17:55:39 +0530 IST}}"
2023/09/21 17:29:49 INFO PR created iter=64 Rate="github.Rate{Limit:5000, Remaining:4792, Reset:github.Timestamp{2023-09-21 17:55:39 +0530 IST}}"
2023/09/21 17:29:54 INFO Starting flow branch=fb-65-rpRBke
2023/09/21 17:29:55 INFO Branch Created branch=fb-65-rpRBke rate="github.Rate{Limit:5000, Remaining:4791, Reset:github.Timestamp{2023-09-21 17:55:39 +0530 IST}}"
2023/09/21 17:30:00 INFO File created iter=65 Rate="github.Rate{Limit:5000, Remaining:4790, Reset:github.Timestamp{2023-09-21 17:55:39 +0530 IST}}"
2023/09/21 17:30:07 INFO PR created iter=65 Rate="github.Rate{Limit:5000, Remaining:4789, Reset:github.Timestamp{2023-09-21 17:55:39 +0530 IST}}"
2023/09/21 17:30:12 INFO Starting flow branch=fb-66-DK2WrN
2023/09/21 17:30:12 INFO Branch Created branch=fb-66-DK2WrN rate="github.Rate{Limit:5000, Remaining:4788, Reset:github.Timestamp{2023-09-21 17:55:39 +0530 IST}}"
2023/09/21 17:30:18 INFO File created iter=66 Rate="github.Rate{Limit:5000, Remaining:4787, Reset:github.Timestamp{2023-09-21 17:55:39 +0530 IST}}"
2023/09/21 17:30:24 INFO PR created iter=66 Rate="github.Rate{Limit:5000, Remaining:4786, Reset:github.Timestamp{2023-09-21 17:55:39 +0530 IST}}"
2023/09/21 17:30:29 INFO Starting flow branch=fb-67-nYhhCZ
2023/09/21 17:30:30 INFO Branch Created branch=fb-67-nYhhCZ rate="github.Rate{Limit:5000, Remaining:4785, Reset:github.Timestamp{2023-09-21 17:55:39 +0530 IST}}"
2023/09/21 17:30:35 INFO File created iter=67 Rate="github.Rate{Limit:5000, Remaining:4784, Reset:github.Timestamp{2023-09-21 17:55:39 +0530 IST}}"
2023/09/21 17:30:41 INFO PR created iter=67 Rate="github.Rate{Limit:5000, Remaining:4783, Reset:github.Timestamp{2023-09-21 17:55:39 +0530 IST}}"
2023/09/21 17:30:46 INFO Starting flow branch=fb-68-8bskIe
2023/09/21 17:30:47 INFO Branch Created branch=fb-68-8bskIe rate="github.Rate{Limit:5000, Remaining:4782, Reset:github.Timestamp{2023-09-21 17:55:39 +0530 IST}}"
2023/09/21 17:30:53 INFO File created iter=68 Rate="github.Rate{Limit:5000, Remaining:4781, Reset:github.Timestamp{2023-09-21 17:55:39 +0530 IST}}"
2023/09/21 17:30:59 INFO PR created iter=68 Rate="github.Rate{Limit:5000, Remaining:4780, Reset:github.Timestamp{2023-09-21 17:55:39 +0530 IST}}"
2023/09/21 17:31:04 INFO Starting flow branch=fb-69-ZUV9CI
2023/09/21 17:31:04 INFO Branch Created branch=fb-69-ZUV9CI rate="github.Rate{Limit:5000, Remaining:4779, Reset:github.Timestamp{2023-09-21 17:55:39 +0530 IST}}"
2023/09/21 17:31:10 INFO File created iter=69 Rate="github.Rate{Limit:5000, Remaining:4778, Reset:github.Timestamp{2023-09-21 17:55:39 +0530 IST}}"
2023/09/21 17:31:16 INFO PR created iter=69 Rate="github.Rate{Limit:5000, Remaining:4777, Reset:github.Timestamp{2023-09-21 17:55:39 +0530 IST}}"
2023/09/21 17:31:21 INFO Starting flow branch=fb-70--ZCHjK
2023/09/21 17:31:22 INFO Branch Created branch=fb-70--ZCHjK rate="github.Rate{Limit:5000, Remaining:4776, Reset:github.Timestamp{2023-09-21 17:55:39 +0530 IST}}"
2023/09/21 17:31:27 INFO File created iter=70 Rate="github.Rate{Limit:5000, Remaining:4775, Reset:github.Timestamp{2023-09-21 17:55:39 +0530 IST}}"
2023/09/21 17:31:33 INFO PR created iter=70 Rate="github.Rate{Limit:5000, Remaining:4774, Reset:github.Timestamp{2023-09-21 17:55:39 +0530 IST}}"
2023/09/21 17:31:38 INFO Starting flow branch=fb-71--6dpRa
2023/09/21 17:31:39 INFO Branch Created branch=fb-71--6dpRa rate="github.Rate{Limit:5000, Remaining:4773, Reset:github.Timestamp{2023-09-21 17:55:39 +0530 IST}}"
2023/09/21 17:31:45 INFO File created iter=71 Rate="github.Rate{Limit:5000, Remaining:4772, Reset:github.Timestamp{2023-09-21 17:55:39 +0530 IST}}"
2023/09/21 17:31:51 INFO PR created iter=71 Rate="github.Rate{Limit:5000, Remaining:4771, Reset:github.Timestamp{2023-09-21 17:55:39 +0530 IST}}"
2023/09/21 17:31:56 INFO Starting flow branch=fb-72-UaHnkM
2023/09/21 17:31:56 INFO Branch Created branch=fb-72-UaHnkM rate="github.Rate{Limit:5000, Remaining:4770, Reset:github.Timestamp{2023-09-21 17:55:39 +0530 IST}}"
2023/09/21 17:32:02 INFO File created iter=72 Rate="github.Rate{Limit:5000, Remaining:4769, Reset:github.Timestamp{2023-09-21 17:55:39 +0530 IST}}"
2023/09/21 17:32:08 INFO PR created iter=72 Rate="github.Rate{Limit:5000, Remaining:4768, Reset:github.Timestamp{2023-09-21 17:55:39 +0530 IST}}"
2023/09/21 17:32:13 INFO Starting flow branch=fb-73-7zrsr3
2023/09/21 17:32:14 INFO Branch Created branch=fb-73-7zrsr3 rate="github.Rate{Limit:5000, Remaining:4767, Reset:github.Timestamp{2023-09-21 17:55:39 +0530 IST}}"
2023/09/21 17:32:20 INFO File created iter=73 Rate="github.Rate{Limit:5000, Remaining:4766, Reset:github.Timestamp{2023-09-21 17:55:39 +0530 IST}}"
2023/09/21 17:32:26 INFO PR created iter=73 Rate="github.Rate{Limit:5000, Remaining:4765, Reset:github.Timestamp{2023-09-21 17:55:39 +0530 IST}}"
2023/09/21 17:32:31 INFO Starting flow branch=fb-74-UpAghr
2023/09/21 17:32:31 INFO Branch Created branch=fb-74-UpAghr rate="github.Rate{Limit:5000, Remaining:4764, Reset:github.Timestamp{2023-09-21 17:55:39 +0530 IST}}"
2023/09/21 17:32:37 INFO File created iter=74 Rate="github.Rate{Limit:5000, Remaining:4763, Reset:github.Timestamp{2023-09-21 17:55:39 +0530 IST}}"
2023/09/21 17:32:43 INFO PR created iter=74 Rate="github.Rate{Limit:5000, Remaining:4762, Reset:github.Timestamp{2023-09-21 17:55:39 +0530 IST}}"
2023/09/21 17:32:48 INFO Starting flow branch=fb-75-29nrgG
2023/09/21 17:32:49 INFO Branch Created branch=fb-75-29nrgG rate="github.Rate{Limit:5000, Remaining:4761, Reset:github.Timestamp{2023-09-21 17:55:39 +0530 IST}}"
2023/09/21 17:32:54 INFO File created iter=75 Rate="github.Rate{Limit:5000, Remaining:4760, Reset:github.Timestamp{2023-09-21 17:55:39 +0530 IST}}"
2023/09/21 17:33:00 INFO PR Failed iter=75 Rate="github.Rate{Limit:5000, Remaining:4759, Reset:github.Timestamp{2023-09-21 17:55:39 +0530 IST}}"
2023/09/21 17:33:00 ERROR Error while running experiment err="POST https://api.github.com/repos/hextechpal/gh-limits/pulls: 403 You have exceeded a secondary rate limit and have been temporarily blocked from content creation. Please retry your request again later. If you reach out to GitHub Support for help, please include the request ID D8F2:10ADCA:50B20C:55F121:650C30EE. []"
