API server listening at: 127.0.0.1:62138
debugserver-@(#)PROGRAM:LLDB  PROJECT:lldb-1403.0.17.67
 for arm64.
Got a connection, launched process /Users/prashant/Library/Caches/JetBrains/GoLand2023.2/tmp/GoLand/___go_build_github_com_harness_gh_limits (pid = 94755).
2023/09/21 17:37:02 INFO Found Prs count=67
2023/09/21 17:37:04 INFO Pr merged  pr=227 rate="github.Rate{Limit:5000, Remaining:4746, Reset:github.Timestamp{2023-09-21 17:55:39 +0530 IST}}"
2023/09/21 17:37:11 INFO Pr merged  pr=226 rate="github.Rate{Limit:5000, Remaining:4745, Reset:github.Timestamp{2023-09-21 17:55:39 +0530 IST}}"
2023/09/21 17:37:18 INFO Pr merged  pr=225 rate="github.Rate{Limit:5000, Remaining:4744, Reset:github.Timestamp{2023-09-21 17:55:39 +0530 IST}}"
2023/09/21 17:37:24 INFO Pr merged  pr=224 rate="github.Rate{Limit:5000, Remaining:4743, Reset:github.Timestamp{2023-09-21 17:55:39 +0530 IST}}"
2023/09/21 17:37:31 INFO Pr merged  pr=223 rate="github.Rate{Limit:5000, Remaining:4742, Reset:github.Timestamp{2023-09-21 17:55:39 +0530 IST}}"
2023/09/21 17:37:38 INFO Pr merged  pr=222 rate="github.Rate{Limit:5000, Remaining:4741, Reset:github.Timestamp{2023-09-21 17:55:39 +0530 IST}}"
2023/09/21 17:37:44 INFO Pr merged  pr=221 rate="github.Rate{Limit:5000, Remaining:4740, Reset:github.Timestamp{2023-09-21 17:55:39 +0530 IST}}"
2023/09/21 17:37:51 INFO Pr merged  pr=220 rate="github.Rate{Limit:5000, Remaining:4739, Reset:github.Timestamp{2023-09-21 17:55:39 +0530 IST}}"
2023/09/21 17:37:58 INFO Pr merged  pr=219 rate="github.Rate{Limit:5000, Remaining:4738, Reset:github.Timestamp{2023-09-21 17:55:39 +0530 IST}}"
2023/09/21 17:38:04 INFO Pr merged  pr=218 rate="github.Rate{Limit:5000, Remaining:4737, Reset:github.Timestamp{2023-09-21 17:55:39 +0530 IST}}"
2023/09/21 17:38:11 INFO Pr merged  pr=217 rate="github.Rate{Limit:5000, Remaining:4736, Reset:github.Timestamp{2023-09-21 17:55:39 +0530 IST}}"
2023/09/21 17:38:18 INFO Pr merged  pr=216 rate="github.Rate{Limit:5000, Remaining:4735, Reset:github.Timestamp{2023-09-21 17:55:39 +0530 IST}}"
2023/09/21 17:38:24 INFO Pr merged  pr=215 rate="github.Rate{Limit:5000, Remaining:4734, Reset:github.Timestamp{2023-09-21 17:55:39 +0530 IST}}"
2023/09/21 17:38:31 INFO Pr merged  pr=214 rate="github.Rate{Limit:5000, Remaining:4733, Reset:github.Timestamp{2023-09-21 17:55:39 +0530 IST}}"
2023/09/21 17:38:38 INFO Pr merged  pr=213 rate="github.Rate{Limit:5000, Remaining:4732, Reset:github.Timestamp{2023-09-21 17:55:39 +0530 IST}}"
2023/09/21 17:38:44 INFO Pr merged  pr=212 rate="github.Rate{Limit:5000, Remaining:4731, Reset:github.Timestamp{2023-09-21 17:55:39 +0530 IST}}"
2023/09/21 17:38:51 INFO Pr merged  pr=211 rate="github.Rate{Limit:5000, Remaining:4730, Reset:github.Timestamp{2023-09-21 17:55:39 +0530 IST}}"
2023/09/21 17:38:58 INFO Pr merged  pr=210 rate="github.Rate{Limit:5000, Remaining:4729, Reset:github.Timestamp{2023-09-21 17:55:39 +0530 IST}}"
2023/09/21 17:39:04 INFO Pr merged  pr=209 rate="github.Rate{Limit:5000, Remaining:4728, Reset:github.Timestamp{2023-09-21 17:55:39 +0530 IST}}"
2023/09/21 17:39:11 INFO Pr merged  pr=208 rate="github.Rate{Limit:5000, Remaining:4727, Reset:github.Timestamp{2023-09-21 17:55:39 +0530 IST}}"
2023/09/21 17:39:18 INFO Pr merged  pr=207 rate="github.Rate{Limit:5000, Remaining:4726, Reset:github.Timestamp{2023-09-21 17:55:39 +0530 IST}}"
2023/09/21 17:39:24 INFO Pr merged  pr=206 rate="github.Rate{Limit:5000, Remaining:4725, Reset:github.Timestamp{2023-09-21 17:55:39 +0530 IST}}"
2023/09/21 17:39:31 INFO Pr merged  pr=205 rate="github.Rate{Limit:5000, Remaining:4724, Reset:github.Timestamp{2023-09-21 17:55:39 +0530 IST}}"
2023/09/21 17:39:38 INFO Pr merged  pr=204 rate="github.Rate{Limit:5000, Remaining:4723, Reset:github.Timestamp{2023-09-21 17:55:39 +0530 IST}}"
2023/09/21 17:39:44 INFO Pr merged  pr=203 rate="github.Rate{Limit:5000, Remaining:4722, Reset:github.Timestamp{2023-09-21 17:55:39 +0530 IST}}"
2023/09/21 17:39:51 INFO Pr merged  pr=202 rate="github.Rate{Limit:5000, Remaining:4721, Reset:github.Timestamp{2023-09-21 17:55:39 +0530 IST}}"
2023/09/21 17:39:57 INFO Pr merged  pr=201 rate="github.Rate{Limit:5000, Remaining:4720, Reset:github.Timestamp{2023-09-21 17:55:39 +0530 IST}}"
2023/09/21 17:40:04 INFO Pr merged  pr=200 rate="github.Rate{Limit:5000, Remaining:4719, Reset:github.Timestamp{2023-09-21 17:55:39 +0530 IST}}"
2023/09/21 17:40:11 INFO Pr merged  pr=199 rate="github.Rate{Limit:5000, Remaining:4718, Reset:github.Timestamp{2023-09-21 17:55:39 +0530 IST}}"
2023/09/21 17:40:18 INFO Pr merged  pr=198 rate="github.Rate{Limit:5000, Remaining:4717, Reset:github.Timestamp{2023-09-21 17:55:39 +0530 IST}}"
2023/09/21 17:40:24 INFO Pr merged  pr=197 rate="github.Rate{Limit:5000, Remaining:4716, Reset:github.Timestamp{2023-09-21 17:55:39 +0530 IST}}"
2023/09/21 17:40:31 INFO Pr merged  pr=196 rate="github.Rate{Limit:5000, Remaining:4715, Reset:github.Timestamp{2023-09-21 17:55:39 +0530 IST}}"
2023/09/21 17:40:38 INFO Pr merged  pr=195 rate="github.Rate{Limit:5000, Remaining:4714, Reset:github.Timestamp{2023-09-21 17:55:39 +0530 IST}}"
2023/09/21 17:40:44 INFO Pr merged  pr=194 rate="github.Rate{Limit:5000, Remaining:4713, Reset:github.Timestamp{2023-09-21 17:55:39 +0530 IST}}"
2023/09/21 17:40:51 INFO Pr merged  pr=193 rate="github.Rate{Limit:5000, Remaining:4712, Reset:github.Timestamp{2023-09-21 17:55:39 +0530 IST}}"
2023/09/21 17:40:58 INFO Pr merged  pr=192 rate="github.Rate{Limit:5000, Remaining:4711, Reset:github.Timestamp{2023-09-21 17:55:39 +0530 IST}}"
2023/09/21 17:41:05 INFO Pr merged  pr=191 rate="github.Rate{Limit:5000, Remaining:4710, Reset:github.Timestamp{2023-09-21 17:55:39 +0530 IST}}"
2023/09/21 17:41:11 INFO Pr merged  pr=190 rate="github.Rate{Limit:5000, Remaining:4709, Reset:github.Timestamp{2023-09-21 17:55:39 +0530 IST}}"
2023/09/21 17:41:18 INFO Pr merged  pr=189 rate="github.Rate{Limit:5000, Remaining:4708, Reset:github.Timestamp{2023-09-21 17:55:39 +0530 IST}}"
2023/09/21 17:41:25 INFO Pr merged  pr=188 rate="github.Rate{Limit:5000, Remaining:4707, Reset:github.Timestamp{2023-09-21 17:55:39 +0530 IST}}"
2023/09/21 17:41:31 INFO Pr merged  pr=187 rate="github.Rate{Limit:5000, Remaining:4706, Reset:github.Timestamp{2023-09-21 17:55:39 +0530 IST}}"
2023/09/21 17:41:38 INFO Pr merged  pr=186 rate="github.Rate{Limit:5000, Remaining:4705, Reset:github.Timestamp{2023-09-21 17:55:39 +0530 IST}}"
2023/09/21 17:41:44 INFO Pr merged  pr=185 rate="github.Rate{Limit:5000, Remaining:4704, Reset:github.Timestamp{2023-09-21 17:55:39 +0530 IST}}"
2023/09/21 17:41:51 INFO Pr merged  pr=184 rate="github.Rate{Limit:5000, Remaining:4703, Reset:github.Timestamp{2023-09-21 17:55:39 +0530 IST}}"
2023/09/21 17:41:57 INFO Pr merged  pr=183 rate="github.Rate{Limit:5000, Remaining:4702, Reset:github.Timestamp{2023-09-21 17:55:39 +0530 IST}}"
2023/09/21 17:42:04 INFO Pr merged  pr=182 rate="github.Rate{Limit:5000, Remaining:4701, Reset:github.Timestamp{2023-09-21 17:55:39 +0530 IST}}"
2023/09/21 17:42:11 INFO Pr merged  pr=181 rate="github.Rate{Limit:5000, Remaining:4700, Reset:github.Timestamp{2023-09-21 17:55:39 +0530 IST}}"
2023/09/21 17:42:17 INFO Pr merged  pr=180 rate="github.Rate{Limit:5000, Remaining:4699, Reset:github.Timestamp{2023-09-21 17:55:39 +0530 IST}}"
2023/09/21 17:42:24 INFO Pr merged  pr=179 rate="github.Rate{Limit:5000, Remaining:4698, Reset:github.Timestamp{2023-09-21 17:55:39 +0530 IST}}"
2023/09/21 17:42:31 INFO Pr merged  pr=178 rate="github.Rate{Limit:5000, Remaining:4697, Reset:github.Timestamp{2023-09-21 17:55:39 +0530 IST}}"
2023/09/21 17:42:37 INFO Pr merged  pr=177 rate="github.Rate{Limit:5000, Remaining:4696, Reset:github.Timestamp{2023-09-21 17:55:39 +0530 IST}}"
2023/09/21 17:42:44 INFO Pr merged  pr=176 rate="github.Rate{Limit:5000, Remaining:4695, Reset:github.Timestamp{2023-09-21 17:55:39 +0530 IST}}"
2023/09/21 17:42:50 INFO Pr merged  pr=175 rate="github.Rate{Limit:5000, Remaining:4694, Reset:github.Timestamp{2023-09-21 17:55:39 +0530 IST}}"
2023/09/21 17:42:57 INFO Pr merged  pr=174 rate="github.Rate{Limit:5000, Remaining:4693, Reset:github.Timestamp{2023-09-21 17:55:39 +0530 IST}}"
2023/09/21 17:43:03 INFO Pr merged  pr=173 rate="github.Rate{Limit:5000, Remaining:4692, Reset:github.Timestamp{2023-09-21 17:55:39 +0530 IST}}"
2023/09/21 17:43:10 INFO Pr merged  pr=172 rate="github.Rate{Limit:5000, Remaining:4691, Reset:github.Timestamp{2023-09-21 17:55:39 +0530 IST}}"
2023/09/21 17:43:17 INFO Pr merged  pr=171 rate="github.Rate{Limit:5000, Remaining:4690, Reset:github.Timestamp{2023-09-21 17:55:39 +0530 IST}}"
2023/09/21 17:43:24 INFO Pr merged  pr=170 rate="github.Rate{Limit:5000, Remaining:4689, Reset:github.Timestamp{2023-09-21 17:55:39 +0530 IST}}"
2023/09/21 17:43:30 INFO Pr merged  pr=169 rate="github.Rate{Limit:5000, Remaining:4688, Reset:github.Timestamp{2023-09-21 17:55:39 +0530 IST}}"
2023/09/21 17:43:37 INFO Pr merged  pr=168 rate="github.Rate{Limit:5000, Remaining:4682, Reset:github.Timestamp{2023-09-21 17:55:39 +0530 IST}}"
2023/09/21 17:43:44 INFO Pr merged  pr=167 rate="github.Rate{Limit:5000, Remaining:4681, Reset:github.Timestamp{2023-09-21 17:55:39 +0530 IST}}"
2023/09/21 17:43:51 INFO Pr merged  pr=166 rate="github.Rate{Limit:5000, Remaining:4680, Reset:github.Timestamp{2023-09-21 17:55:39 +0530 IST}}"
2023/09/21 17:43:57 INFO Pr merged  pr=165 rate="github.Rate{Limit:5000, Remaining:4679, Reset:github.Timestamp{2023-09-21 17:55:39 +0530 IST}}"
2023/09/21 17:44:04 INFO Pr merged  pr=164 rate="github.Rate{Limit:5000, Remaining:4678, Reset:github.Timestamp{2023-09-21 17:55:39 +0530 IST}}"
2023/09/21 17:44:11 INFO Pr merged  pr=163 rate="github.Rate{Limit:5000, Remaining:4677, Reset:github.Timestamp{2023-09-21 17:55:39 +0530 IST}}"
2023/09/21 17:44:18 INFO Pr merged  pr=162 rate="github.Rate{Limit:5000, Remaining:4676, Reset:github.Timestamp{2023-09-21 17:55:39 +0530 IST}}"
2023/09/21 17:44:24 INFO Pr merged  pr=161 rate="github.Rate{Limit:5000, Remaining:4675, Reset:github.Timestamp{2023-09-21 17:55:39 +0530 IST}}"
2023/09/21 17:44:29 INFO experiment successful stats="&{Name:merge Iterations:0 Start:1695298020827 End:1695298469717 Retry:map[]}"
Exiting.
